running egg_info
writing ../../build/pico_relay/pico_relay.egg-info/PKG-INFO
writing dependency_links to ../../build/pico_relay/pico_relay.egg-info/dependency_links.txt
writing entry points to ../../build/pico_relay/pico_relay.egg-info/entry_points.txt
writing requirements to ../../build/pico_relay/pico_relay.egg-info/requires.txt
writing top-level names to ../../build/pico_relay/pico_relay.egg-info/top_level.txt
reading manifest file '../../build/pico_relay/pico_relay.egg-info/SOURCES.txt'
writing manifest file '../../build/pico_relay/pico_relay.egg-info/SOURCES.txt'
running build
running build_py
running install
/usr/lib/python3/dist-packages/setuptools/command/install.py:34: SetuptoolsDeprecationWarning: setup.py install is deprecated. Use build and pip and other standards-based tools.
  warnings.warn(
running install_lib
running install_data
running install_egg_info
removing '/home/tristan/Documents/two_month_23/ros2_ws/install/pico_relay/lib/python3.10/site-packages/pico_relay-0.0.0-py3.10.egg-info' (and everything under it)
Copying ../../build/pico_relay/pico_relay.egg-info to /home/tristan/Documents/two_month_23/ros2_ws/install/pico_relay/lib/python3.10/site-packages/pico_relay-0.0.0-py3.10.egg-info
running install_scripts
Installing relay script to /home/tristan/Documents/two_month_23/ros2_ws/install/pico_relay/lib/pico_relay
writing list of installed files to '/home/tristan/Documents/two_month_23/ros2_ws/build/pico_relay/install.log'
