[0.414s] Invoking command in '/home/tristan/Documents/two_month_23/ros2_ws/src/pico_relay': PYTHONPATH=/home/tristan/Documents/two_month_23/ros2_ws/build/pico_relay/prefix_override:/home/tristan/Documents/two_month_23/ros2_ws/install/pico_relay/lib/python3.10/site-packages:${PYTHONPATH} /usr/bin/python3 setup.py egg_info --egg-base ../../build/pico_relay build --build-base /home/tristan/Documents/two_month_23/ros2_ws/build/pico_relay/build install --record /home/tristan/Documents/two_month_23/ros2_ws/build/pico_relay/install.log --single-version-externally-managed
[0.568s] running egg_info
[0.569s] writing ../../build/pico_relay/pico_relay.egg-info/PKG-INFO
[0.569s] writing dependency_links to ../../build/pico_relay/pico_relay.egg-info/dependency_links.txt
[0.569s] writing entry points to ../../build/pico_relay/pico_relay.egg-info/entry_points.txt
[0.569s] writing requirements to ../../build/pico_relay/pico_relay.egg-info/requires.txt
[0.569s] writing top-level names to ../../build/pico_relay/pico_relay.egg-info/top_level.txt
[0.570s] reading manifest file '../../build/pico_relay/pico_relay.egg-info/SOURCES.txt'
[0.571s] writing manifest file '../../build/pico_relay/pico_relay.egg-info/SOURCES.txt'
[0.571s] running build
[0.571s] running build_py
[0.572s] running install
[0.572s] /usr/lib/python3/dist-packages/setuptools/command/install.py:34: SetuptoolsDeprecationWarning: setup.py install is deprecated. Use build and pip and other standards-based tools.
[0.572s]   warnings.warn(
[0.572s] running install_lib
[0.572s] running install_data
[0.573s] running install_egg_info
[0.574s] removing '/home/tristan/Documents/two_month_23/ros2_ws/install/pico_relay/lib/python3.10/site-packages/pico_relay-0.0.0-py3.10.egg-info' (and everything under it)
[0.574s] Copying ../../build/pico_relay/pico_relay.egg-info to /home/tristan/Documents/two_month_23/ros2_ws/install/pico_relay/lib/python3.10/site-packages/pico_relay-0.0.0-py3.10.egg-info
[0.575s] running install_scripts
[0.588s] Installing relay script to /home/tristan/Documents/two_month_23/ros2_ws/install/pico_relay/lib/pico_relay
[0.588s] writing list of installed files to '/home/tristan/Documents/two_month_23/ros2_ws/build/pico_relay/install.log'
[0.605s] Invoked command in '/home/tristan/Documents/two_month_23/ros2_ws/src/pico_relay' returned '0': PYTHONPATH=/home/tristan/Documents/two_month_23/ros2_ws/build/pico_relay/prefix_override:/home/tristan/Documents/two_month_23/ros2_ws/install/pico_relay/lib/python3.10/site-packages:${PYTHONPATH} /usr/bin/python3 setup.py egg_info --egg-base ../../build/pico_relay build --build-base /home/tristan/Documents/two_month_23/ros2_ws/build/pico_relay/build install --record /home/tristan/Documents/two_month_23/ros2_ws/build/pico_relay/install.log --single-version-externally-managed
