[0.424s] Invoking command in '/home/tristan/Documents/two_month_23/ros2_ws/src/pico_relay': PYTHONPATH=/home/tristan/Documents/two_month_23/ros2_ws/build/pico_relay/prefix_override:/home/tristan/Documents/two_month_23/ros2_ws/install/pico_relay/lib/python3.10/site-packages:${PYTHONPATH} /usr/bin/python3 setup.py egg_info --egg-base ../../build/pico_relay build --build-base /home/tristan/Documents/two_month_23/ros2_ws/build/pico_relay/build install --record /home/tristan/Documents/two_month_23/ros2_ws/build/pico_relay/install.log --single-version-externally-managed
[0.578s] running egg_info
[0.579s] writing ../../build/pico_relay/pico_relay.egg-info/PKG-INFO
[0.579s] writing dependency_links to ../../build/pico_relay/pico_relay.egg-info/dependency_links.txt
[0.579s] writing entry points to ../../build/pico_relay/pico_relay.egg-info/entry_points.txt
[0.579s] writing requirements to ../../build/pico_relay/pico_relay.egg-info/requires.txt
[0.579s] writing top-level names to ../../build/pico_relay/pico_relay.egg-info/top_level.txt
[0.580s] reading manifest file '../../build/pico_relay/pico_relay.egg-info/SOURCES.txt'
[0.581s] writing manifest file '../../build/pico_relay/pico_relay.egg-info/SOURCES.txt'
[0.581s] running build
[0.582s] running build_py
[0.582s] copying pico_relay/relay_node.py -> /home/tristan/Documents/two_month_23/ros2_ws/build/pico_relay/build/lib/pico_relay
[0.582s] running install
[0.582s] /usr/lib/python3/dist-packages/setuptools/command/install.py:34: SetuptoolsDeprecationWarning: setup.py install is deprecated. Use build and pip and other standards-based tools.
[0.582s]   warnings.warn(
[0.582s] running install_lib
[0.583s] copying /home/tristan/Documents/two_month_23/ros2_ws/build/pico_relay/build/lib/pico_relay/relay_node.py -> /home/tristan/Documents/two_month_23/ros2_ws/install/pico_relay/lib/python3.10/site-packages/pico_relay
[0.583s] byte-compiling /home/tristan/Documents/two_month_23/ros2_ws/install/pico_relay/lib/python3.10/site-packages/pico_relay/relay_node.py to relay_node.cpython-310.pyc
[0.583s] running install_data
[0.584s] running install_egg_info
[0.585s] removing '/home/tristan/Documents/two_month_23/ros2_ws/install/pico_relay/lib/python3.10/site-packages/pico_relay-0.0.0-py3.10.egg-info' (and everything under it)
[0.585s] Copying ../../build/pico_relay/pico_relay.egg-info to /home/tristan/Documents/two_month_23/ros2_ws/install/pico_relay/lib/python3.10/site-packages/pico_relay-0.0.0-py3.10.egg-info
[0.585s] running install_scripts
[0.599s] Installing relay script to /home/tristan/Documents/two_month_23/ros2_ws/install/pico_relay/lib/pico_relay
[0.599s] writing list of installed files to '/home/tristan/Documents/two_month_23/ros2_ws/build/pico_relay/install.log'
[0.616s] Invoked command in '/home/tristan/Documents/two_month_23/ros2_ws/src/pico_relay' returned '0': PYTHONPATH=/home/tristan/Documents/two_month_23/ros2_ws/build/pico_relay/prefix_override:/home/tristan/Documents/two_month_23/ros2_ws/install/pico_relay/lib/python3.10/site-packages:${PYTHONPATH} /usr/bin/python3 setup.py egg_info --egg-base ../../build/pico_relay build --build-base /home/tristan/Documents/two_month_23/ros2_ws/build/pico_relay/build install --record /home/tristan/Documents/two_month_23/ros2_ws/build/pico_relay/install.log --single-version-externally-managed
